<?xml version="1.0" encoding="UTF-8"?>
<!-- Generated by org.testng.reporters.JUnitXMLReporter -->
<testsuite ignored="12" hostname="DESKTOP-7JOFLV1" failures="0" tests="9" name="Test" time="87.302" errors="0" timestamp="2022-06-27T15:03:48 CDT">
  <testcase classname="com.DSalgo.testCases.TC_GetStartedTest" name="getStartedTest" time="1.544"/>
  <testcase classname="com.DSalgo.testCases.TC_HomePageTest_004" name="HomePageTest" time="0.49"/>
  <testcase classname="com.DSalgo.testCases.TC_RegisterTest_003" name="RegisterTest" time="7.194"/>
  <testcase classname="com.DSalgo.testCases.TC_LoginDDT_002" name="loginDDT" time="0.858"/>
  <testcase classname="com.DSalgo.testCases.TC_LoginDDT_002" name="loginDDT" time="1.099"/>
  <testcase classname="com.DSalgo.testCases.TC_LoginDDT_002" name="loginDDT" time="1.234"/>
  <testcase classname="com.DSalgo.testCases.TC_LoginDDT_002" name="loginDDT" time="1.259"/>
  <testcase classname="com.DSalgo.testCases.TC_DataStructureTest_005" name="DSIntroTest" time="16.979"/>
  <testcase classname="com.DSalgo.testCases.TC_ArrayTest_006" name="ArrayTest" time="40.587"/>
  <testcase classname="com.DSalgo.testCases.BaseClass" name="@BeforeTest setup" time="0.0">
    <ignored/>
  </testcase> <!-- @BeforeTest setup -->
  <testcase classname="com.DSalgo.testCases.BaseClass" name="@BeforeTest setup" time="0.0">
    <ignored/>
  </testcase> <!-- @BeforeTest setup -->
  <testcase classname="com.DSalgo.testCases.BaseClass" name="@BeforeTest setup" time="0.0">
    <ignored/>
  </testcase> <!-- @BeforeTest setup -->
  <testcase classname="com.DSalgo.testCases.BaseClass" name="@BeforeTest setup" time="0.0">
    <ignored/>
  </testcase> <!-- @BeforeTest setup -->
  <testcase classname="com.DSalgo.testCases.BaseClass" name="@BeforeTest setup" time="0.0">
    <ignored/>
  </testcase> <!-- @BeforeTest setup -->
  <testcase classname="com.DSalgo.testCases.BaseClass" name="@BeforeTest setup" time="0.0">
    <ignored/>
  </testcase> <!-- @BeforeTest setup -->
  <testcase classname="com.DSalgo.testCases.BaseClass" name="@AfterTest tearDown" time="0.0">
    <ignored/>
  </testcase> <!-- @AfterTest tearDown -->
  <testcase classname="com.DSalgo.testCases.BaseClass" name="@AfterTest tearDown" time="0.0">
    <ignored/>
  </testcase> <!-- @AfterTest tearDown -->
  <testcase classname="com.DSalgo.testCases.BaseClass" name="@AfterTest tearDown" time="0.0">
    <ignored/>
  </testcase> <!-- @AfterTest tearDown -->
  <testcase classname="com.DSalgo.testCases.BaseClass" name="@AfterTest tearDown" time="0.0">
    <ignored/>
  </testcase> <!-- @AfterTest tearDown -->
  <testcase classname="com.DSalgo.testCases.BaseClass" name="@AfterTest tearDown" time="0.0">
    <ignored/>
  </testcase> <!-- @AfterTest tearDown -->
  <testcase classname="com.DSalgo.testCases.BaseClass" name="@AfterTest tearDown" time="0.0">
    <ignored/>
  </testcase> <!-- @AfterTest tearDown -->
</testsuite> <!-- Test -->
